<?xml version="1.0" encoding="UTF-8"?>
<testng-results ignored="0" total="3" passed="3" failed="0" skipped="0">
  <reporter-output>
  </reporter-output>
  <suite started-at="2022-04-07T15:06:23 EDT" name="login test case" finished-at="2022-04-07T15:06:34 EDT" duration-ms="10874">
    <groups>
    </groups>
    <test started-at="2022-04-07T15:06:23 EDT" name="Testing signin with various Credentials1" finished-at="2022-04-07T15:06:34 EDT" duration-ms="10874">
      <class name="testCases.TC1">
        <test-method signature="setup()[pri:0, instance:testCases.TC1@747edf66]" started-at="2022-04-07T15:06:23 EDT" name="setup" finished-at="2022-04-07T15:06:32 EDT" duration-ms="9043" status="PASS">
          <reporter-output>
          </reporter-output>
        </test-method> <!-- setup -->
        <test-method signature="clickonsignin()[pri:1, instance:testCases.TC1@747edf66]" started-at="2022-04-07T15:06:32 EDT" name="clickonsignin" finished-at="2022-04-07T15:06:33 EDT" duration-ms="189" status="PASS">
          <reporter-output>
          </reporter-output>
        </test-method> <!-- clickonsignin -->
        <test-method signature="formFill()[pri:2, instance:testCases.TC1@747edf66]" started-at="2022-04-07T15:06:33 EDT" name="formFill" finished-at="2022-04-07T15:06:34 EDT" duration-ms="1590" status="PASS">
          <reporter-output>
          </reporter-output>
        </test-method> <!-- formFill -->
      </class> <!-- testCases.TC1 -->
    </test> <!-- Testing signin with various Credentials1 -->
  </suite> <!-- login test case -->
</testng-results>
