<?xml version="1.0" encoding="UTF-8"?>
<!-- Generated by org.testng.reporters.JUnitXMLReporter -->
<testsuite ignored="0" hostname="DESKTOP-348T0TS" failures="1" tests="3" name="all columns filled for contacts" time="22.356" errors="0" timestamp="2022-04-20T00:00:30 EDT">
  <testcase classname="testCases.TC3" name="setup" time="20.852"/>
  <testcase classname="testCases.TC3" name="clickoncontact" time="0.162"/>
  <testcase classname="testCases.TC3" name="contactfill" time="1.282">
    <failure type="java.lang.NullPointerException" message="Cannot invoke &amp;quot;org.apache.poi.ss.usermodel.Sheet.getRow(int)&amp;quot; because &amp;quot;this.sh1&amp;quot; is null">
      <![CDATA[java.lang.NullPointerException: Cannot invoke "org.apache.poi.ss.usermodel.Sheet.getRow(int)" because "this.sh1" is null
at utilities.ReadExcel.getData1(ReadExcel.java:98)
at testCases.TC3.contactfill(TC3.java:35)
at java.base/java.util.ArrayList.forEach(ArrayList.java:1511)
... Removed 27 stack frames]]>
    </failure>
  </testcase> <!-- contactfill -->
</testsuite> <!-- all columns filled for contacts -->
