<?xml version="1.0" encoding="UTF-8"?>
<!-- Generated by org.testng.reporters.JUnitXMLReporter -->
<testsuite ignored="0" hostname="DESKTOP-348T0TS" failures="1" tests="2" name="password change test postive senario" time="30.618" errors="0" timestamp="2022-04-12T22:56:22 EDT">
  <testcase classname="testCases.TC2" name="setup" time="29.533"/>
  <testcase classname="testCases.TC2" name="chpass" time="1.018">
    <failure type="java.lang.NullPointerException" message="Cannot invoke &amp;quot;org.apache.poi.ss.usermodel.Row.getCell(int)&amp;quot; because &amp;quot;row_change&amp;quot; is null">
      <![CDATA[java.lang.NullPointerException: Cannot invoke "org.apache.poi.ss.usermodel.Row.getCell(int)" because "row_change" is null
at utilities.ReadExcel.referData(ReadExcel.java:68)
at testCases.TC2.chpass(TC2.java:32)
at java.base/java.util.ArrayList.forEach(ArrayList.java:1511)
... Removed 27 stack frames]]>
    </failure>
  </testcase> <!-- chpass -->
</testsuite> <!-- password change test postive senario -->
