<?xml version="1.0" encoding="UTF-8"?>
<!-- Generated by org.testng.reporters.JUnitXMLReporter -->
<testsuite ignored="17" hostname="DESKTOP-348T0TS" failures="0" tests="2" name="Test" time="0.079" errors="0" timestamp="2021-03-25T12:07:12 EDT">
  <testcase classname="sample.Samp3" name="testB" time="0.013"/>
  <testcase classname="sample.Samp5" name="testC" time="0.003"/>
  <testcase classname="sample.Samp6" name="testA" time="0.0">
    <ignored/>
  </testcase> <!-- testA -->
  <testcase classname="sample.Samp1" name="testC" time="0.0">
    <ignored/>
  </testcase> <!-- testC -->
  <testcase classname="sample.Samp2" name="testB" time="0.0">
    <ignored/>
  </testcase> <!-- testB -->
  <testcase classname="sample.Samp1" name="testB" time="0.0">
    <ignored/>
  </testcase> <!-- testB -->
  <testcase classname="sample.Samp2" name="testC" time="0.0">
    <ignored/>
  </testcase> <!-- testC -->
  <testcase classname="sample.Samp4" name="signout" time="0.0">
    <ignored/>
  </testcase> <!-- signout -->
  <testcase classname="sample.Samp4" name="signin" time="0.0">
    <ignored/>
  </testcase> <!-- signin -->
  <testcase classname="sample.Samp4" name="Advancesearch" time="0.0">
    <ignored/>
  </testcase> <!-- Advancesearch -->
  <testcase classname="sample.Samp1" name="testA" time="0.0">
    <ignored/>
  </testcase> <!-- testA -->
  <testcase classname="sample.Samp2" name="testA" time="0.0">
    <ignored/>
  </testcase> <!-- testA -->
  <testcase classname="sample.Samp3" name="testA" time="0.0">
    <ignored/>
  </testcase> <!-- testA -->
  <testcase classname="sample.Samp6" name="testB" time="0.0">
    <ignored/>
  </testcase> <!-- testB -->
  <testcase classname="sample.Samp5" name="testB" time="0.0">
    <ignored/>
  </testcase> <!-- testB -->
  <testcase classname="sample.Samp6" name="testC" time="0.0">
    <ignored/>
  </testcase> <!-- testC -->
  <testcase classname="sample.Samp3" name="testC" time="0.0">
    <ignored/>
  </testcase> <!-- testC -->
  <testcase classname="sample.Samp4" name="search" time="0.0">
    <ignored/>
  </testcase> <!-- search -->
  <testcase classname="sample.Samp5" name="testA" time="0.0">
    <ignored/>
  </testcase> <!-- testA -->
</testsuite> <!-- Test -->
