<?xml version="1.0" encoding="UTF-8"?>
<!-- Generated by org.testng.reporters.JUnitXMLReporter -->
<testsuite ignored="0" hostname="DESKTOP-348T0TS" failures="0" tests="3" name="Testing signin with various Credentials1" time="10.055" errors="0" timestamp="2022-03-21T18:20:10 EDT">
  <testcase classname="testCases.TC1" name="setup" time="6.817"/>
  <testcase classname="testCases.TC1" name="clickonsignin" time="0.165"/>
  <testcase classname="testCases.TC1" name="formFill" time="3.014"/>
</testsuite> <!-- Testing signin with various Credentials1 -->
