<?xml version="1.0" encoding="UTF-8"?>
<!-- Generated by org.testng.reporters.JUnitXMLReporter -->
<testsuite ignored="0" hostname="DESKTOP-348T0TS" failures="0" tests="3" name="Testing signin with various Credentials1" time="14.905" errors="0" timestamp="2022-04-12T22:37:24 EDT">
  <testcase classname="testCases.TC1" name="setup" time="12.934"/>
  <testcase classname="testCases.TC1" name="clickonsignin" time="0.173"/>
  <testcase classname="testCases.TC1" name="formFill" time="1.742"/>
</testsuite> <!-- Testing signin with various Credentials1 -->
